<?xml version="1.0" encoding="UTF-8"?>
<testng-results skipped="0" failed="0" total="1" passed="1">
  <reporter-output>
  </reporter-output>
  <suite name="Default suite" duration-ms="19510" started-at="2015-06-22T03:39:11Z" finished-at="2015-06-22T03:39:31Z">
    <groups>
    </groups>
    <test name="Default test" duration-ms="19510" started-at="2015-06-22T03:39:11Z" finished-at="2015-06-22T03:39:31Z">
      <class name="com.paxotech.frameword.test.FirstTest">
        <test-method status="PASS" signature="beforeMethod()[pri:0, instance:com.paxotech.frameword.test.FirstTest@28ac3f94]" name="beforeMethod" is-config="true" duration-ms="9228" started-at="2015-06-21T23:39:11Z" finished-at="2015-06-21T23:39:20Z">
          <reporter-output>
          </reporter-output>
        </test-method> <!-- beforeMethod -->
        <test-method status="PASS" signature="sampleTest()[pri:0, instance:com.paxotech.frameword.test.FirstTest@28ac3f94]" name="sampleTest" duration-ms="10059" started-at="2015-06-21T23:39:20Z" finished-at="2015-06-21T23:39:30Z">
          <reporter-output>
          </reporter-output>
        </test-method> <!-- sampleTest -->
        <test-method status="PASS" signature="afterMethod()[pri:0, instance:com.paxotech.frameword.test.FirstTest@28ac3f94]" name="afterMethod" is-config="true" duration-ms="208" started-at="2015-06-21T23:39:30Z" finished-at="2015-06-21T23:39:31Z">
          <reporter-output>
          </reporter-output>
        </test-method> <!-- afterMethod -->
      </class> <!-- com.paxotech.frameword.test.FirstTest -->
    </test> <!-- Default test -->
  </suite> <!-- Default suite -->
</testng-results>
